[Info]2019-11-20 20:44:56.446500 +0800 start ExternalGateWay.
[Info]2019-11-20 20:45:14.247000 +0800 external respnse.
[Info]2019-11-20 20:45:18.262500 +0800 handle new session: 1
[Info]2019-11-20 20:45:22.221500 +0800 external respnse.
[Info]2019-11-20 20:45:26.235000 +0800 server UnPackAction-> len: 2
[Info]2019-11-20 20:45:30.193500 +0800 route (5) forward.
[Info]2019-11-20 20:45:34.115000 +0800 message head: routepoint: 2, mainid: 2, subid: 6.
[Info]2019-11-20 20:45:38.127500 +0800 begin send response message to client.
[Info]2019-11-20 20:45:42.048000 +0800 normal: InData len: 12, pos: 10, data len: 2.
[Info]2019-11-20 20:45:46.057500 +0800 route (5) forward.
[Info]2019-11-20 20:45:49.982500 +0800 server UnPackAction-> len: 2
[Info]2019-11-20 20:45:53.941500 +0800 begin send response message to client.
[Info]2019-11-20 20:45:57.959000 +0800 server UnPackAction-> len: 26
[Info]2019-11-20 20:46:01.874500 +0800 external respnse.
[Info]2019-11-20 20:46:05.887500 +0800 normal: InData len: 12, pos: 10, data len: 2.
[Info]2019-11-20 20:46:10.125500 +0800 [server] accept connect here addr: 127.0.0.1:50331, SessionID: 11188.
[Info]2019-11-20 20:46:17.459000 +0800 server UnPackAction-> len: 26
[Info]2019-11-20 20:46:24.793500 +0800 message head: routepoint: 5, mainid: 2, subid: 3.
[Info]2019-11-20 20:46:32.128000 +0800 begin send response message to client.
[Info]2019-11-20 20:46:39.371000 +0800 normal: InData len: 39, pos: 10, data len: 29.
[Info]2019-11-20 20:46:46.705000 +0800 route (5) forward.
[Info]2019-11-20 20:47:23.630000 +0800 read data fail, err: read tcp 127.0.0.1:51001->127.0.0.1:48994: wsarecv: An existing connection was forcibly closed by the remote host.0
[Info]2019-11-20 20:47:23.836500 +0800 session exit, svr: 1, regpoint: 0, cache size: 0.
[Info]2019-11-20 20:47:23.943500 +0800 session exit, svr: 1, regpoint: 0, cache size: 0.
[Info]2019-11-20 20:47:24.050000 +0800 session exit, svr: 1, regpoint: 0, cache size: 0.
[Info]2019-11-20 20:47:24.155500 +0800 session exit, svr: 1, regpoint: 0, cache size: 0.
:51001->127.0.0.1:10815: wsarecv: An existing connection was forcibly closed by the remote host.0
[Info]2019-11-20 20:43:25.863000 +0800 session exit, svr: 1, regpoint: 0, cache size: 0.
[Info]2019-11-20 20:43:26.129000 +0800 session exit, svr: 1, regpoint: 0, cache size: 0.
[Info]2019-11-20 20:43:26.252000 +0800 session exit, svr: 1, regpoint: 0, cache size: 0.
[Info]2019-11-20 20:43:26.378500 +0800 session exit, svr: 1, regpoint: 0, cache size: 0.
[Info]2019-11-20 20:43:26.501000 +0800 session exit, svr: 1, regpoint: 0, cache size: 0.
[Info]2019-11-20 20:43:43.176500 +0800 route (2) forward.
[Info]2019-11-20 20:43:57.126500 +0800 server UnPackAction-> len: 29
[Info]2019-11-20 20:44:10.426500 +0800 message head: routepoint: 5, mainid: 2, subid: 3.
[Info]2019-11-20 20:44:24.419000 +0800 begin send response message to client.
