[Info]2019-11-20 20:38:23.386000 +0800 start login server.
[Info]2019-11-20 20:38:38.079500 +0800 client PackAction-> data len: 2
[Info]2019-11-20 20:38:49.490000 +0800 [onUserLogin] SessionID: 1, Account: test447, Passwd: 123.0, DeviceSerial: 456, DeviceName: iso.
[Info]2019-11-20 20:39:00.899500 +0800 begin send response message to client.
[Info]2019-11-20 20:39:12.308500 +0800 SetCmd data len: 2
[Info]2019-11-20 20:39:23.628500 +0800 begin send response message to client.
]2019-11-20 20:31:41.227500 +0800 pprof exist.
[Info]2019-11-20 20:31:41.456000 +0800 pprof exist.
[Info]2019-11-20 20:31:41.692000 +0800 pprof exist.
[Info]2019-11-20 20:31:41.925000 +0800 pprof exist.
[Info]2019-11-20 20:31:42.194500 +0800 pprof exist.
[Info]2019-11-20 20:31:42.506500 +0800 pprof exist.
[Info]2019-11-20 20:31:42.796000 +0800 pprof exist.
[Info]2019-11-20 20:31:43.071000 +0800 pprof exist.
[Info]2019-11-20 20:31:43.358000 +0800 pprof exist.
[Info]2019-11-20 20:31:43.635000 +0800 pprof exist.
[Info]2019-11-20 20:31:43.916000 +0800 pprof exist.
[Info]2019-11-20 20:31:44.223000 +0800 pprof exist.
[Info]2019-11-20 20:31:44.513500 +0800 pprof exist.
[Info]2019-11-20 20:31:44.802000 +0800 pprof exist.
[Info]2019-11-20 20:31:45.115000 +0800 pprof exist.
[Info]2019-11-20 20:31:45.401500 +0800 pprof exist.
[Info]2019-11-20 20:31:45.694000 +0800 pprof exist.
[Info]2019-11-20 20:31:45.980500 +0800 pprof exist.
[Info]2019-11-20 20:31:46.289500 +0800 pprof exist.
[Info]2019-11-20 20:31:46.611000 +0800 pprof exist.
[Info]2019-11-20 20:31:46.918000 +0800 pprof exist.
[Info]2019-11-20 20:31:47.233500 +0800 pprof exist.
[Info]2019-11-20 20:31:47.535000 +0800 pprof exist.
[Info]2019-11-20 20:31:47.838500 +0800 pprof exist.
[Info]2019-11-20 20:31:48.173500 +0800 pprof exist.
[Info]2019-11-20 20:31:48.474000 +0800 pprof exist.
[Info]2019-11-20 20:31:48.799500 +0800 pprof exist.
[Info]2019-11-20 20:31:49.123500 +0800 pprof exist.
[Info]2019-11-20 20:31:49.429500 +0800 pprof exist.
[Info]2019-11-20 20:31:49.753000 +0800 pprof exist.
[Info]2019-11-20 20:31:50.060500 +0800 pprof exist.
[Info]2019-11-20 20:31:50.387000 +0800 pprof exist.
[Info]2019-11-20 20:31:50.703500 +0800 pprof exist.
[Info]2019-11-20 20:31:51.087000 +0800 pprof exist.
[Info]2019-11-20 20:31:51.417000 +0800 pprof exist.
[Info]2019-11-20 20:31:51.737500 +0800 pprof exist.
[Info]2019-11-20 20:31:52.062000 +0800 pprof exist.
[Info]2019-11-20 20:31:52.383000 +0800 pprof exist.
