[Info]2019-11-20 20:45:09.821000 +0800 Property: {7 8}
[Info]2019-11-20 20:45:09.960000 +0800 Property: {7 136}
[Info]2019-11-20 20:45:10.012500 +0800 Property: {7 264}
[Info]2019-11-20 20:45:10.071000 +0800 Property: {7 392}
[Info]2019-11-20 20:45:10.124500 +0800 Property: {7 520}
[Info]2019-11-20 20:45:10.178500 +0800 Property: {7 648}
[Info]2019-11-20 20:45:10.230000 +0800 Property: {7 776}
[Info]2019-11-20 20:45:10.284500 +0800 Property: {7 904}
[Info]2019-11-20 20:45:10.336500 +0800 ComfireAct act: test193123.0
[Info]2019-11-20 20:45:10.388500 +0800 DataRWAct act: test217123.0
[Info]2019-11-20 20:45:11.535500 +0800 receive server back, ip: 127.0.0.1:51001.
[Info]2019-11-20 20:45:16.754500 +0800 UserRegister: test779123.0
[Info]2019-11-20 20:45:21.917000 +0800 client PackAction-> data len: 29
[Info]2019-11-20 20:45:27.038000 +0800 SetCmd data len: 26
[Info]2019-11-20 20:45:32.202500 +0800 time: 0
[Info]2019-11-20 20:45:37.324500 +0800 receive server back, ip: 127.0.0.1:51001.
[Info]2019-11-20 20:45:42.544500 +0800 UserRegister: test49123.0
[Info]2019-11-20 20:45:47.660000 +0800 connection success
[Info]2019-11-20 20:45:52.785500 +0800 mainid: 2, subID: 4.
[Info]2019-11-20 20:45:57.958000 +0800 send over
[Info]2019-11-20 20:46:03.079000 +0800 receive server back, ip: 127.0.0.1:51001.
[Info]2019-11-20 20:46:08.294000 +0800 UserRegister: test734123.0
[Info]2019-11-20 20:46:15.046500 +0800 time: 0
[Info]2019-11-20 20:46:22.382500 +0800 msg len: 39
[Info]2019-11-20 20:46:29.716500 +0800 time: 0
[Info]2019-11-20 20:46:37.057000 +0800 SetCmd data len: 25
d over
[Info]2019-11-20 20:39:58.319500 +0800 msg len: 36
[Info]2019-11-20 20:40:26.126000 +0800 time: 0
