[Info]2019-10-07 11:25:32.077000 +0800 time: 0
[Info]2019-10-07 11:25:32.077000 +0800 SetCmd data len: 2
[Info]2019-10-07 11:25:32.077000 +0800 client PackAction-> data len: 2
[Info]2019-10-07 11:25:32.077000 +0800 send buff len: 10
[Info]2019-10-07 11:25:32.077000 +0800 send over
[Info]2019-10-07 11:25:32.078000 +0800 receive server back, ip: 127.0.0.1:51001, msg: respone client.
.
[Info]2019-10-07 11:25:34.077000 +0800 time: 1
[Info]2019-10-07 11:25:34.077000 +0800 SetCmd data len: 2
[Info]2019-10-07 11:25:34.077000 +0800 client PackAction-> data len: 2
[Info]2019-10-07 11:25:34.077000 +0800 send buff len: 10
[Info]2019-10-07 11:25:34.077000 +0800 send over
[Info]2019-10-07 11:25:34.079000 +0800 receive server back, ip: 127.0.0.1:51001, msg: respone client.
.
[Info]2019-10-07 11:25:36.078000 +0800 time: 2
[Info]2019-10-07 11:25:36.078000 +0800 SetCmd data len: 2
[Info]2019-10-07 11:25:36.078000 +0800 client PackAction-> data len: 2
[Info]2019-10-07 11:25:36.079000 +0800 send buff len: 10
[Info]2019-10-07 11:25:36.079000 +0800 send over
[Info]2019-10-07 11:25:36.081000 +0800 receive server back, ip: 127.0.0.1:51001, msg: respone client.
.
[Info]2019-10-07 11:25:38.080000 +0800 time: 3
[Info]2019-10-07 11:25:38.081000 +0800 SetCmd data len: 2
[Info]2019-10-07 11:25:38.081000 +0800 client PackAction-> data len: 2
[Info]2019-10-07 11:25:38.082000 +0800 send buff len: 10
[Info]2019-10-07 11:25:38.082000 +0800 send over
[Info]2019-10-07 11:25:38.084000 +0800 receive server back, ip: 127.0.0.1:51001, msg: respone client.
.
[Info]2019-10-07 11:25:40.082000 +0800 time: 4
[Info]2019-10-07 11:25:40.082000 +0800 SetCmd data len: 2
[Info]2019-10-07 11:25:40.082000 +0800 client PackAction-> data len: 2
[Info]2019-10-07 11:25:40.082000 +0800 send buff len: 10
[Info]2019-10-07 11:25:40.083000 +0800 send over
[Info]2019-10-07 11:25:40.086000 +0800 receive server back, ip: 127.0.0.1:51001, msg: respone client.
.
[Info]2019-10-07 11:25:42.084000 +0800 time: 5
[Info]2019-10-07 11:25:42.084000 +0800 SetCmd data len: 2
[Info]2019-10-07 11:25:42.084000 +0800 client PackAction-> data len: 2
[Info]2019-10-07 11:25:42.085000 +0800 send buff len: 10
[Info]2019-10-07 11:25:42.085000 +0800 send over
[Info]2019-10-07 11:25:42.088000 +0800 receive server back, ip: 127.0.0.1:51001, msg: respone client.
.
[Info]2019-10-07 11:25:44.086000 +0800 time: 6
[Info]2019-10-07 11:25:44.086000 +0800 SetCmd data len: 2
[Info]2019-10-07 11:25:44.086000 +0800 client PackAction-> data len: 2
[Info]2019-10-07 11:25:44.086000 +0800 send buff len: 10
[Info]2019-10-07 11:25:44.086000 +0800 send over
[Info]2019-10-07 11:25:44.090000 +0800 receive server back, ip: 127.0.0.1:51001, msg: respone client.
.
[Info]2019-10-07 11:25:46.087000 +0800 time: 7
[Info]2019-10-07 11:25:46.087000 +0800 SetCmd data len: 2
[Info]2019-10-07 11:25:46.087000 +0800 client PackAction-> data len: 2
[Info]2019-10-07 11:25:46.087000 +0800 send buff len: 10
[Info]2019-10-07 11:25:46.088000 +0800 send over
[Info]2019-10-07 11:25:46.090000 +0800 receive server back, ip: 127.0.0.1:51001, msg: respone client.
.
[Info]2019-10-07 11:25:48.088000 +0800 time: 8
[Info]2019-10-07 11:25:48.088000 +0800 SetCmd data len: 2
[Info]2019-10-07 11:25:48.088000 +0800 client PackAction-> data len: 2
[Info]2019-10-07 11:25:48.089000 +0800 send buff len: 10
[Info]2019-10-07 11:25:48.089000 +0800 send over
[Info]2019-10-07 11:25:48.092000 +0800 receive server back, ip: 127.0.0.1:51001, msg: respone client.
.
[Info]2019-10-07 11:25:50.089000 +0800 time: 9
[Info]2019-10-07 11:25:50.089000 +0800 SetCmd data len: 2
[Info]2019-10-07 11:25:50.089000 +0800 client PackAction-> data len: 2
[Info]2019-10-07 11:25:50.090000 +0800 send buff len: 10
[Info]2019-10-07 11:25:50.090000 +0800 send over
[Info]2019-10-07 11:25:50.094000 +0800 receive server back, ip: 127.0.0.1:51001, msg: respone client.
.
